<?xml version="1.0" encoding="UTF-8"?>
<!-- Generated by org.testng.reporters.JUnitXMLReporter -->
<testsuite ignored="0" hostname="DESKTOP-1I4CAL3" failures="0" tests="4" name="Test" time="16.832" errors="0" timestamp="2022-12-12T13:00:03 IST">
  <testcase classname="simple.Four" name="f" time="2.677"/>
  <testcase classname="simple.one" name="startBrowser" time="6.604"/>
  <testcase classname="simple1.three" name="f" time="2.677"/>
  <testcase classname="simple1.two" name="f" time="3.1"/>
</testsuite> <!-- Test -->
