<?xml version="1.0" encoding="UTF-8"?>
<!-- Generated by org.testng.reporters.JUnitXMLReporter -->
<testsuite ignored="0" hostname="DESKTOP-1I4CAL3" failures="0" tests="6" name="Test1" time="18.598" errors="0" timestamp="2022-12-12T14:34:32 IST">
  <testcase classname="simple.Four" name="f" time="2.993"/>
  <testcase classname="simple.one" name="startBrowser" time="5.878"/>
  <testcase classname="simple1.three" name="f" time="3.828"/>
  <testcase classname="simple1.two" name="f" time="3.213"/>
  <testcase classname="simple.Assert1" name="OpenBrowser" time="1.608"/>
  <testcase classname="simple.Assert1" name="CloseBrowser" time="0.092"/>
</testsuite> <!-- Test1 -->
