<?xml version="1.0" encoding="UTF-8"?>
<testng-results ignored="0" total="6" passed="6" failed="0" skipped="0">
  <reporter-output>
    <line>
      <![CDATA[The website used was toolsqa for this test]]>
    </line>
    <line>
      <![CDATA[Driver Closed After Testing]]>
    </line>
  </reporter-output>
  <suite started-at="2022-12-12T14:34:14 IST" name="Suite" finished-at="2022-12-12T14:34:32 IST" duration-ms="18598">
    <groups>
    </groups>
    <test started-at="2022-12-12T14:34:14 IST" name="Test1" finished-at="2022-12-12T14:34:32 IST" duration-ms="18598">
      <class name="simple.one">
        <test-method signature="startBrowser()[pri:0, instance:simple.one@3012646b]" started-at="2022-12-12T14:34:17 IST" name="startBrowser" finished-at="2022-12-12T14:34:23 IST" duration-ms="5878" status="PASS">
          <reporter-output>
          </reporter-output>
        </test-method> <!-- startBrowser -->
      </class> <!-- simple.one -->
      <class name="simple.Four">
        <test-method is-config="true" signature="beforeMethod()[pri:0, instance:simple.Four@31fa1761]" started-at="2022-12-12T14:34:14 IST" name="beforeMethod" finished-at="2022-12-12T14:34:14 IST" duration-ms="6" status="PASS">
          <reporter-output>
          </reporter-output>
        </test-method> <!-- beforeMethod -->
        <test-method signature="f()[pri:0, instance:simple.Four@31fa1761]" started-at="2022-12-12T14:34:14 IST" name="f" finished-at="2022-12-12T14:34:17 IST" duration-ms="2993" status="PASS">
          <reporter-output>
          </reporter-output>
        </test-method> <!-- f -->
        <test-method is-config="true" signature="afterMethod()[pri:0, instance:simple.Four@31fa1761]" started-at="2022-12-12T14:34:17 IST" name="afterMethod" finished-at="2022-12-12T14:34:17 IST" duration-ms="190" status="PASS">
          <reporter-output>
          </reporter-output>
        </test-method> <!-- afterMethod -->
      </class> <!-- simple.Four -->
      <class name="simple.Assert1">
        <test-method signature="OpenBrowser()[pri:-1, instance:simple.Assert1@64bfd6fd]" started-at="2022-12-12T14:34:31 IST" name="OpenBrowser" finished-at="2022-12-12T14:34:32 IST" duration-ms="1608" status="PASS">
          <reporter-output>
            <line>
              <![CDATA[The website used was toolsqa for this test]]>
            </line>
          </reporter-output>
        </test-method> <!-- OpenBrowser -->
        <test-method signature="CloseBrowser()[pri:0, instance:simple.Assert1@64bfd6fd]" started-at="2022-12-12T14:34:32 IST" name="CloseBrowser" finished-at="2022-12-12T14:34:32 IST" duration-ms="92" status="PASS">
          <reporter-output>
            <line>
              <![CDATA[Driver Closed After Testing]]>
            </line>
          </reporter-output>
        </test-method> <!-- CloseBrowser -->
      </class> <!-- simple.Assert1 -->
      <class name="simple1.two">
        <test-method signature="f()[pri:0, instance:simple1.two@25641d39]" started-at="2022-12-12T14:34:27 IST" name="f" finished-at="2022-12-12T14:34:30 IST" duration-ms="3213" status="PASS">
          <reporter-output>
          </reporter-output>
        </test-method> <!-- f -->
        <test-method is-config="true" signature="beforeMethod()[pri:0, instance:simple1.two@25641d39]" started-at="2022-12-12T14:34:27 IST" name="beforeMethod" finished-at="2022-12-12T14:34:27 IST" duration-ms="0" status="PASS">
          <reporter-output>
          </reporter-output>
        </test-method> <!-- beforeMethod -->
        <test-method is-config="true" signature="afterMethod()[pri:0, instance:simple1.two@25641d39]" started-at="2022-12-12T14:34:30 IST" name="afterMethod" finished-at="2022-12-12T14:34:31 IST" duration-ms="209" status="PASS">
          <reporter-output>
          </reporter-output>
        </test-method> <!-- afterMethod -->
      </class> <!-- simple1.two -->
      <class name="simple1.three">
        <test-method signature="f()[pri:0, instance:simple1.three@4a883b15]" started-at="2022-12-12T14:34:23 IST" name="f" finished-at="2022-12-12T14:34:27 IST" duration-ms="3828" status="PASS">
          <reporter-output>
          </reporter-output>
        </test-method> <!-- f -->
        <test-method is-config="true" signature="beforeMethod()[pri:0, instance:simple1.three@4a883b15]" started-at="2022-12-12T14:34:23 IST" name="beforeMethod" finished-at="2022-12-12T14:34:23 IST" duration-ms="0" status="PASS">
          <reporter-output>
          </reporter-output>
        </test-method> <!-- beforeMethod -->
        <test-method is-config="true" signature="afterMethod()[pri:0, instance:simple1.three@4a883b15]" started-at="2022-12-12T14:34:27 IST" name="afterMethod" finished-at="2022-12-12T14:34:27 IST" duration-ms="517" status="PASS">
          <reporter-output>
          </reporter-output>
        </test-method> <!-- afterMethod -->
      </class> <!-- simple1.three -->
    </test> <!-- Test1 -->
  </suite> <!-- Suite -->
</testng-results>
